2024-10-30 14:11:18 [main] INFO  com.zaxxer.hikari.HikariDataSource - HikariPool-1 - Starting...
2024-10-30 14:11:18 [main] INFO  com.zaxxer.hikari.pool.HikariPool - HikariPool-1 - Added connection com.mysql.cj.jdbc.ConnectionImpl@47faa49c
2024-10-30 14:11:18 [main] INFO  com.zaxxer.hikari.HikariDataSource - HikariPool-1 - Start completed.
2024-11-06 08:47:44 [main] INFO  com.zaxxer.hikari.HikariDataSource - HikariPool-1 - Starting...
2024-11-06 08:47:44 [main] INFO  com.zaxxer.hikari.pool.HikariPool - HikariPool-1 - Added connection com.mysql.cj.jdbc.ConnectionImpl@47faa49c
2024-11-06 08:47:44 [main] INFO  com.zaxxer.hikari.HikariDataSource - HikariPool-1 - Start completed.
2024-11-06 09:39:13 [main] INFO  com.zaxxer.hikari.HikariDataSource - HikariPool-1 - Starting...
2024-11-06 09:39:13 [main] INFO  com.zaxxer.hikari.pool.HikariPool - HikariPool-1 - Added connection com.mysql.cj.jdbc.ConnectionImpl@f736069
2024-11-06 09:39:13 [main] INFO  com.zaxxer.hikari.HikariDataSource - HikariPool-1 - Start completed.
2024-11-06 09:39:13 [main] INFO  service.ProductService - Connection sucessful
2024-11-06 09:39:13 [main] INFO  dao.impl.ProductDaoJdbc - Prepared statement sucessfully
2024-11-06 09:39:13 [main] ERROR dao.impl.ProductDaoJdbc - Prepared statement sucessfully
2024-11-06 09:51:36 [main] INFO  com.zaxxer.hikari.HikariDataSource - HikariPool-1 - Starting...
2024-11-06 09:51:36 [main] INFO  com.zaxxer.hikari.pool.HikariPool - HikariPool-1 - Added connection com.mysql.cj.jdbc.ConnectionImpl@f736069
2024-11-06 09:51:36 [main] INFO  com.zaxxer.hikari.HikariDataSource - HikariPool-1 - Start completed.
2024-11-06 09:51:36 [main] INFO  service.ProductService - Connection sucessful
2024-11-06 09:51:36 [main] INFO  dao.impl.ProductDaoJdbc - Prepared statement sucessfully
2024-11-06 09:51:36 [main] ERROR dao.impl.ProductDaoJdbc - Prepared statement error
2024-11-06 09:53:02 [main] INFO  com.zaxxer.hikari.HikariDataSource - HikariPool-1 - Starting...
2024-11-06 09:53:02 [main] INFO  com.zaxxer.hikari.pool.HikariPool - HikariPool-1 - Added connection com.mysql.cj.jdbc.ConnectionImpl@f736069
2024-11-06 09:53:02 [main] INFO  com.zaxxer.hikari.HikariDataSource - HikariPool-1 - Start completed.
2024-11-06 09:53:02 [main] INFO  service.ProductService - Connection sucessful
2024-11-06 09:53:02 [main] INFO  dao.impl.ProductDaoJdbc - Prepared statement sucessfully
2024-11-06 09:53:02 [main] INFO  service.ProductService - Product created sucessfully
2024-11-06 10:21:45 [main] INFO  com.zaxxer.hikari.HikariDataSource - HikariPool-1 - Starting...
2024-11-06 10:21:45 [main] INFO  com.zaxxer.hikari.pool.HikariPool - HikariPool-1 - Added connection com.mysql.cj.jdbc.ConnectionImpl@f736069
2024-11-06 10:21:45 [main] INFO  com.zaxxer.hikari.HikariDataSource - HikariPool-1 - Start completed.
2024-11-06 10:21:45 [main] INFO  service.ProductService - Connection sucessful
2024-11-06 10:21:45 [main] INFO  dao.impl.ProductDaoJdbc - Prepared statement sucessfully
2024-11-06 10:21:45 [main] ERROR dao.impl.ProductDaoJdbc - Prepared statement error
2024-11-06 10:24:08 [main] INFO  com.zaxxer.hikari.HikariDataSource - HikariPool-1 - Starting...
2024-11-06 10:24:09 [main] INFO  com.zaxxer.hikari.pool.HikariPool - HikariPool-1 - Added connection com.mysql.cj.jdbc.ConnectionImpl@f736069
2024-11-06 10:24:09 [main] INFO  com.zaxxer.hikari.HikariDataSource - HikariPool-1 - Start completed.
2024-11-06 10:24:09 [main] INFO  service.ProductService - Connection sucessful
2024-11-06 10:24:09 [main] INFO  dao.impl.ProductDaoJdbc - Prepared statement sucessfully
2024-11-06 10:24:09 [main] INFO  service.ProductService - Product created sucessfully
2024-11-06 11:05:48 [main] INFO  com.zaxxer.hikari.HikariDataSource - HikariPool-1 - Starting...
2024-11-06 11:05:48 [main] INFO  com.zaxxer.hikari.pool.HikariPool - HikariPool-1 - Added connection com.mysql.cj.jdbc.ConnectionImpl@f736069
2024-11-06 11:05:48 [main] INFO  com.zaxxer.hikari.HikariDataSource - HikariPool-1 - Start completed.
2024-11-06 11:05:48 [main] INFO  service.ProductService - Connection sucessful
2024-11-06 11:05:48 [main] INFO  dao.impl.ProductDaoJdbc - Product modificated sucessfully
2024-11-06 11:05:48 [main] INFO  service.ProductService - Product modificated sucessfully
2024-11-06 11:09:21 [main] INFO  com.zaxxer.hikari.HikariDataSource - HikariPool-1 - Starting...
2024-11-06 11:09:21 [main] INFO  com.zaxxer.hikari.pool.HikariPool - HikariPool-1 - Added connection com.mysql.cj.jdbc.ConnectionImpl@f736069
2024-11-06 11:09:21 [main] INFO  com.zaxxer.hikari.HikariDataSource - HikariPool-1 - Start completed.
2024-11-06 11:09:21 [main] INFO  service.ProductService - Connection sucessful
2024-11-06 11:09:21 [main] INFO  dao.impl.ProductDaoJdbc - Modification prepared statement sucessfully
2024-11-06 11:09:21 [main] INFO  service.ProductService - Product modificated sucessfully
2024-11-06 11:41:15 [main] INFO  com.zaxxer.hikari.HikariDataSource - HikariPool-1 - Starting...
2024-11-06 11:41:15 [main] INFO  com.zaxxer.hikari.pool.HikariPool - HikariPool-1 - Added connection com.mysql.cj.jdbc.ConnectionImpl@f736069
2024-11-06 11:41:15 [main] INFO  com.zaxxer.hikari.HikariDataSource - HikariPool-1 - Start completed.
2024-11-06 11:41:15 [main] INFO  service.ProductService - Connection sucessful
2024-11-06 11:41:15 [main] INFO  dao.impl.ProductDaoJdbc - Modification prepared statement sucessfully
2024-11-06 11:41:15 [main] INFO  service.ProductService - Product modificated sucessfully
2024-11-06 11:41:56 [main] INFO  com.zaxxer.hikari.HikariDataSource - HikariPool-1 - Starting...
2024-11-06 11:41:56 [main] INFO  com.zaxxer.hikari.pool.HikariPool - HikariPool-1 - Added connection com.mysql.cj.jdbc.ConnectionImpl@f736069
2024-11-06 11:41:56 [main] INFO  com.zaxxer.hikari.HikariDataSource - HikariPool-1 - Start completed.
2024-11-06 11:41:56 [main] INFO  service.ProductService - Connection sucessful
2024-11-06 11:41:56 [main] INFO  dao.impl.ProductDaoJdbc - Modification prepared statement sucessfully
2024-11-06 11:41:56 [main] INFO  service.ProductService - Product modificated sucessfully
2024-11-06 11:46:34 [main] INFO  com.zaxxer.hikari.HikariDataSource - HikariPool-1 - Starting...
2024-11-06 11:46:35 [main] INFO  com.zaxxer.hikari.pool.HikariPool - HikariPool-1 - Added connection com.mysql.cj.jdbc.ConnectionImpl@f736069
2024-11-06 11:46:35 [main] INFO  com.zaxxer.hikari.HikariDataSource - HikariPool-1 - Start completed.
2024-11-06 11:46:35 [main] INFO  service.ProductService - Connection sucessful
2024-11-06 11:46:35 [main] ERROR dao.impl.ProductDaoJdbc - Update prepared statement error
2024-11-06 11:46:35 [main] INFO  service.ProductService - Product modificated sucessfully
